<?xml version="1.0" encoding="UTF-8"?>
<!-- Generated by org.testng.reporters.JUnitReportReporter -->
<testsuite hostname="DESKTOP-6M9GUQS" failures="0" tests="1" name="com.sele.D_SampleRun" time="10.974" errors="0" timestamp="2020-07-20T09:11:38 IST" skipped="0">
  <testcase classname="com.sele.D_SampleRun" name="test" time="10.974"/>
</testsuite> <!-- com.sele.D_SampleRun -->
