<?xml version="1.0" encoding="UTF-8"?>
<!-- Generated by org.testng.reporters.JUnitReportReporter -->
<testsuite hostname="DESKTOP-6M9GUQS" failures="0" tests="1" name="com.sele.B_SampleBefore" time="8.084" errors="0" timestamp="2020-07-19T20:08:49 IST" skipped="0">
  <testcase classname="com.sele.B_SampleBefore" name="test" time="8.084"/>
</testsuite> <!-- com.sele.B_SampleBefore -->
